<?xml version="1.0" encoding="UTF-8"?>
<!-- Generated by org.testng.reporters.JUnitXMLReporter -->
<testsuite hostname="Alexanders-MacBook-Pro.local" ignored="0" name="check log" tests="1" failures="1" timestamp="31 Mar 2020 11:16:35 GMT" time="4.037" errors="0">
  <testcase name="checkLog" time="1.716" classname="tests.JsErrorTest">
    <failure type="java.lang.AssertionError" message="expected [false] but found [true]">
      <![CDATA[java.lang.AssertionError: expected [false] but found [true]at tests.JsErrorTest.checkLog(JsErrorTest.java:41)... Removed 31 stack frames]]>
    </failure>
  </testcase> <!-- checkLog -->
</testsuite> <!-- check log -->
