<?xml version="1.0" encoding="UTF-8"?>
<!-- Generated by org.testng.reporters.JUnitXMLReporter -->
<testsuite hostname="Alexanders-MacBook-Pro.local" ignored="0" name="Check logs" tests="1" failures="1" timestamp="01 Apr 2020 14:02:28 GMT" time="10.06" errors="0">
  <testcase name="jsErrorTest" time="4.393" classname="tests.jsErrorTest">
    <failure type="org.openqa.selenium.json.JsonException" message="Unable to determine type from: H. Last 1 characters read: H
Build info: version: &amp;apos;3.141.59&amp;apos;, revision: &amp;apos;e82be7d358&amp;apos;, time: &amp;apos;2018-11-14T08:17:03&amp;apos;
System info: host: &amp;apos;Alexanders-MacBook-Pro.local&amp;apos;, ip: &amp;apos;192.168.1.58&amp;apos;, os.name: &amp;apos;Mac OS X&amp;apos;, os.arch: &amp;apos;x86_64&amp;apos;, os.version: &amp;apos;10.15.3&amp;apos;, java.version: &amp;apos;1.8.0_131&amp;apos;
Driver info: driver.version: RemoteWebDriver">
      <![CDATA[org.openqa.selenium.json.JsonException: Unable to determine type from: H. Last 1 characters read: HBuild info: version: '3.141.59', revision: 'e82be7d358', time: '2018-11-14T08:17:03'System info: host: 'Alexanders-MacBook-Pro.local', ip: '192.168.1.58', os.name: 'Mac OS X', os.arch: 'x86_64', os.version: '10.15.3', java.version: '1.8.0_131'Driver info: driver.version: RemoteWebDriverat org.openqa.selenium.json.JsonInput.peek(JsonInput.java:122)at org.openqa.selenium.json.JsonTypeCoercer.lambda$null$6(JsonTypeCoercer.java:140)at org.openqa.selenium.json.JsonTypeCoercer.coerce(JsonTypeCoercer.java:126)at org.openqa.selenium.json.Json.toType(Json.java:69)at org.openqa.selenium.json.Json.toType(Json.java:55)at org.openqa.selenium.json.Json.toType(Json.java:50)at org.openqa.selenium.remote.http.W3CHttpResponseCodec.decode(W3CHttpResponseCodec.java:87)at org.openqa.selenium.remote.http.W3CHttpResponseCodec.decode(W3CHttpResponseCodec.java:49)at org.openqa.selenium.remote.HttpCommandExecutor.execute(HttpCommandExecutor.java:158)at org.openqa.selenium.remote.service.DriverCommandExecutor.execute(DriverCommandExecutor.java:83)at org.openqa.selenium.remote.RemoteWebDriver.execute(RemoteWebDriver.java:552)at org.openqa.selenium.remote.RemoteExecuteMethod.execute(RemoteExecuteMethod.java:35)at org.openqa.selenium.remote.RemoteLogs.getRemoteEntries(RemoteLogs.java:81)at org.openqa.selenium.remote.RemoteLogs.get(RemoteLogs.java:77)at utils.Helpers.getBrowserLogs(Helpers.java:23)at tests.jsErrorTest.jsErrorTest(jsErrorTest.java:35)... Removed 25 stack frames]]>
    </failure>
  </testcase> <!-- jsErrorTest -->
</testsuite> <!-- Check logs -->
