<?xml version="1.0" encoding="UTF-8"?>
<!-- Generated by org.testng.reporters.JUnitXMLReporter -->
<testsuite hostname="Alexanders-MacBook-Pro.local" ignored="0" name="Login with wrong user" tests="1" failures="0" timestamp="18 May 2020 06:43:28 GMT" time="0.016" errors="0">
  <testcase name="@BeforeTest beforeTest" time="0.009" classname="tests.LoginTest_wrongCreds">
    <failure type="java.lang.NullPointerException">
      <![CDATA[java.lang.NullPointerExceptionat tests.LoginTest_wrongCreds.beforeTest(LoginTest_wrongCreds.java:82)... Removed 24 stack frames]]>
    </failure>
  </testcase> <!-- @BeforeTest beforeTest -->
  <testcase name="@AfterTest closeBrowser" time="0.0" classname="tests.LoginTest_wrongCreds">
    <skipped/>
  </testcase> <!-- @AfterTest closeBrowser -->
  <testcase name="loginWithWrongCreds" time="0.0" classname="tests.LoginTest_wrongCreds">
    <skipped/>
  </testcase> <!-- loginWithWrongCreds -->
</testsuite> <!-- Login with wrong user -->
