<?xml version="1.0" encoding="UTF-8"?>
<!-- Generated by org.testng.reporters.JUnitXMLReporter -->
<testsuite hostname="Alexanders-MacBook-Pro.local" ignored="0" name="Login with correct creds" tests="1" failures="1" timestamp="19 May 2020 15:45:01 GMT" time="6.417" errors="0">
  <testcase name="loginTest" time="2.774" classname="tests.LoginTest">
    <failure type="java.lang.AssertionError" message="expected [Secure Area2] but found [Secure Area]">
      <![CDATA[java.lang.AssertionError: expected [Secure Area2] but found [Secure Area]at tests.LoginTest.loginTest(LoginTest.java:71)... Removed 31 stack frames]]>
    </failure>
  </testcase> <!-- loginTest -->
</testsuite> <!-- Login with correct creds -->
