<?xml version="1.0" encoding="UTF-8"?>
<!-- Generated by org.testng.reporters.JUnitXMLReporter -->
<testsuite hostname="Alexanders-MacBook-Pro.local" ignored="0" name="Take screenshot" tests="1" failures="1" timestamp="31 Mar 2020 08:26:10 GMT" time="4.642" errors="0">
  <testcase name="screenShotTest" time="1.987" classname="tests.ScreenshotTest">
    <failure type="java.lang.AssertionError" message="expected [Available Examples2] but found [Available Examples]">
      <![CDATA[java.lang.AssertionError: expected [Available Examples2] but found [Available Examples]at tests.ScreenshotTest.screenShotTest(ScreenshotTest.java:36)... Removed 31 stack frames]]>
    </failure>
  </testcase> <!-- screenShotTest -->
</testsuite> <!-- Take screenshot -->
