<?xml version="1.0" encoding="UTF-8"?>
<!-- Generated by org.testng.reporters.JUnitXMLReporter -->
<testsuite hostname="Alexanders-MacBook-Pro.local" ignored="0" name="Test slider" tests="1" failures="1" timestamp="27 Mar 2020 17:25:45 GMT" time="8.446" errors="0">
  <testcase name="sliderTest" time="2.977" classname="tests.SliderTest">
    <failure type="java.lang.AssertionError" message="expected [2] but found [5]">
      <![CDATA[java.lang.AssertionError: expected [2] but found [5]at tests.SliderTest.sliderTest(SliderTest.java:33)... Removed 31 stack frames]]>
    </failure>
  </testcase> <!-- sliderTest -->
</testsuite> <!-- Test slider -->
