<?xml version="1.0" encoding="UTF-8"?>
<!-- Generated by org.testng.reporters.JUnitXMLReporter -->
<testsuite hostname="Alexanders-MacBook-Pro.local" ignored="0" name="Verify checkboxes" tests="1" failures="1" timestamp="11 May 2020 15:34:11 GMT" time="0.01" errors="0">
  <testcase name="@AfterTest closeBrowser" time="0.001" classname="tests.CheckCheckbox">
    <failure type="java.lang.NullPointerException">
      <![CDATA[java.lang.NullPointerExceptionat newtest.TestBase.cleanUp(TestBase.java:48)at tests.CheckCheckbox.closeBrowser(CheckCheckbox.java:51)... Removed 24 stack frames]]>
    </failure>
  </testcase> <!-- @AfterTest closeBrowser -->
  <testcase name="checkCheckbox" time="0.001" classname="tests.CheckCheckbox">
    <failure type="java.lang.NullPointerException">
      <![CDATA[java.lang.NullPointerExceptionat pageObjects.WelcomePage.openPage(WelcomePage.java:31)at tests.CheckCheckbox.checkCheckbox(CheckCheckbox.java:21)... Removed 25 stack frames]]>
    </failure>
  </testcase> <!-- checkCheckbox -->
</testsuite> <!-- Verify checkboxes -->
