<?xml version="1.0" encoding="UTF-8"?>
<!-- Generated by org.testng.reporters.JUnitXMLReporter -->
<testsuite hostname="Alexanders-MacBook-Pro.local" ignored="0" name="Login with correct creds" tests="1" failures="1" timestamp="27 May 2020 13:10:14 GMT" time="7.58" errors="0">
  <testcase name="loginTest" time="3.173" classname="tests.LoginTest">
    <failure type="java.lang.AssertionError" message="expected [true] but found [false]">
      <![CDATA[java.lang.AssertionError: expected [true] but found [false]at tests.LoginTest.loginTest(LoginTest.java:77)... Removed 34 stack frames]]>
    </failure>
  </testcase> <!-- loginTest -->
</testsuite> <!-- Login with correct creds -->
