<?xml version="1.0" encoding="UTF-8"?>
<!-- Generated by org.testng.reporters.JUnitXMLReporter -->
<testsuite hostname="Alexanders-MacBook-Pro.local" ignored="0" name="Login with correct creds" tests="1" failures="1" timestamp="26 May 2020 10:41:42 GMT" time="7.45" errors="0">
  <testcase name="loginTest" time="3.304" classname="tests.LoginTest">
    <failure type="java.lang.AssertionError" message="expected [Secure Area2] but found [Secure Area]">
      <![CDATA[java.lang.AssertionError: expected [Secure Area2] but found [Secure Area]at tests.LoginTest.loginTest(LoginTest.java:76)... Removed 34 stack frames]]>
    </failure>
  </testcase> <!-- loginTest -->
</testsuite> <!-- Login with correct creds -->
