<?xml version="1.0" encoding="UTF-8"?>
<testsuite xmlns:xsi="http://www.w3.org/2001/XMLSchema-instance" xsi:noNamespaceSchemaLocation="https://maven.apache.org/surefire/maven-surefire-plugin/xsd/surefire-test-report.xsd" name="TestSuite" time="27.49" tests="3" errors="0" skipped="0" failures="1">
  <properties>
[...]
</properties>
  <testcase name="loginTest" classname="tests.LoginTest" time="5.322">
    <failure message="expected [Secure Area2] but found [Secure Area]" type="java.lang.AssertionError">java.lang.AssertionError: expected [Secure Area2] but found [Secure Area]
	at tests.LoginTest.checkSecureAreaPageTitle_aroundBody10(LoginTest.java:102)
	at tests.LoginTest.checkSecureAreaPageTitle(LoginTest.java:97)
	at tests.LoginTest.loginTest(LoginTest.java:53)
</failure>
    <system-out><![CDATA[19:49:48.378 [main] INFO  Login with valid username/password - 0. Driver initialisation. Open browser
19:49:50.797 [main] INFO  Login with valid username/password - Strated with driver onchrome
19:49:54.492 [main] INFO  Login with valid username/password - 1. Open welcome Page
19:49:54.520 [main] INFO  Login with valid username/password - 2. Welcome page has Available Examples title
19:49:54.534 [main] INFO  Login with valid username/password - 3. Click on Form Authentication link
19:49:55.438 [main] INFO  Login with valid username/password - 4. Check title on Login page
19:49:55.439 [main] INFO  Login with valid username/password - 5. Enter valid username/password
19:49:56.165 [main] INFO  Login with valid username/password - 6. Check title on Secure Area page
]]></system-out>
    <system-err><![CDATA[SLF4J: Failed to load class "org.slf4j.impl.StaticLoggerBinder".
SLF4J: Defaulting to no-operation (NOP) logger implementation
SLF4J: See http://www.slf4j.org/codes.html#StaticLoggerBinder for further details.
Starting ChromeDriver 83.0.4103.39 (ccbf011cb2d2b19b506d844400483861342c20cd-refs/branch-heads/4103@{#416}) on port 20046
Only local connections are allowed.
Please see https://chromedriver.chromium.org/security-considerations for suggestions on keeping ChromeDriver safe.
ChromeDriver was started successfully.
May 26, 2020 7:49:50 PM org.openqa.selenium.remote.ProtocolHandshake createSession
INFO: Detected dialect: W3C
]]></system-err>
  </testcase>
  <testcase name="loginWithWrongCreds" classname="tests.LoginTest_wrongCreds" time="7.239"/>
  <testcase name="loginWithWrongCreds" classname="tests.LoginTest_wrongCreds" time="6.391"/>
</testsuite>