<?xml version="1.0" encoding="UTF-8"?>
<testng-results skipped="0" failed="1" ignored="0" total="3" passed="2">
  <reporter-output>
    <line>
      <![CDATA[0. Driver initialisation. Open browser<p/>]]>
    </line>
    <line>
      <![CDATA[1. Open welcome Page<p/>]]>
    </line>
    <line>
      <![CDATA[2. Welcome page has Available Examples title<p/>]]>
    </line>
    <line>
      <![CDATA[3. Click on Form Authentication link<p/>]]>
    </line>
    <line>
      <![CDATA[4. Check title on Login page<p/>]]>
    </line>
    <line>
      <![CDATA[5. Enter valid username/password<p/>]]>
    </line>
    <line>
      <![CDATA[6. Check title on Secure Area page<p/>]]>
    </line>
    <line>
      <![CDATA[<b>Test Failed!</b> See screenshot<p/><img src='../screenshots/loginTest.png'>]]>
    </line>
    <line>
      <![CDATA[8. Close browser<p/>]]>
    </line>
    <line>
      <![CDATA[0. Driver initialisation. Open browser<p/>]]>
    </line>
    <line>
      <![CDATA[1. Open welcome Page<p/>]]>
    </line>
    <line>
      <![CDATA[2. Welcome page has Available Examples title<p/>]]>
    </line>
    <line>
      <![CDATA[3. Click on Form Authentication link<p/>]]>
    </line>
    <line>
      <![CDATA[4. Check title on Login page<p/>]]>
    </line>
    <line>
      <![CDATA[5. Enter invalid username/password<p/>]]>
    </line>
    <line>
      <![CDATA[6. Check 'Your username is invalid!' error message on Login Page]]>
    </line>
    <line>
      <![CDATA[7. Close browser<p/>]]>
    </line>
    <line>
      <![CDATA[0. Driver initialisation. Open browser<p/>]]>
    </line>
    <line>
      <![CDATA[1. Open welcome Page<p/>]]>
    </line>
    <line>
      <![CDATA[2. Welcome page has Available Examples title<p/>]]>
    </line>
    <line>
      <![CDATA[3. Click on Form Authentication link<p/>]]>
    </line>
    <line>
      <![CDATA[4. Check title on Login page<p/>]]>
    </line>
    <line>
      <![CDATA[5. Enter invalid username/password<p/>]]>
    </line>
    <line>
      <![CDATA[6. Check 'Your password is invalid!' error message on Login Page]]>
    </line>
    <line>
      <![CDATA[7. Close browser<p/>]]>
    </line>
  </reporter-output>
  <suite name="Suite" duration-ms="36252" started-at="2020-05-26T15:06:37Z" finished-at="2020-05-26T15:07:13Z">
    <groups>
    </groups>
    <test name="Login with correct creds" duration-ms="12379" started-at="2020-05-26T15:06:37Z" finished-at="2020-05-26T15:06:49Z">
      <class name="tests.LoginTest">
        <test-method status="PASS" signature="beforeTest(java.lang.String, java.lang.String, org.testng.ITestContext)[pri:0, instance:tests.LoginTest@68ed96ca]" name="beforeTest" is-config="true" duration-ms="3114" started-at="2020-05-26T18:06:37Z" finished-at="2020-05-26T18:06:40Z">
          <params>
            <param index="0">
              <value>
                <![CDATA[Login with valid username/password]]>
              </value>
            </param>
            <param index="1">
              <value>
                <![CDATA[chrome]]>
              </value>
            </param>
            <param index="2">
              <value>
                <![CDATA[org.testng.TestRunner@4bf324f9]]>
              </value>
            </param>
          </params>
          <reporter-output>
            <line>
              <![CDATA[0. Driver initialisation. Open browser<p/>]]>
            </line>
          </reporter-output>
        </test-method> <!-- beforeTest -->
        <test-method status="FAIL" signature="loginTest()[pri:0, instance:tests.LoginTest@68ed96ca]" name="loginTest" duration-ms="8538" started-at="2020-05-26T18:06:40Z" finished-at="2020-05-26T18:06:48Z">
          <exception class="java.lang.AssertionError">
            <message>
              <![CDATA[expected [Secure Area2] but found [Secure Area]]]>
            </message>
            <full-stacktrace>
              <![CDATA[java.lang.AssertionError: expected [Secure Area2] but found [Secure Area]at org.testng.Assert.fail(Assert.java:96)at org.testng.Assert.failNotEquals(Assert.java:776)at org.testng.Assert.assertEqualsImpl(Assert.java:137)at org.testng.Assert.assertEquals(Assert.java:118)at org.testng.Assert.assertEquals(Assert.java:453)at org.testng.Assert.assertEquals(Assert.java:463)at tests.LoginTest.checkSecureAreaPageTitle_aroundBody10(LoginTest.java:102)at tests.LoginTest$AjcClosure11.run(LoginTest.java:1)at org.aspectj.runtime.reflect.JoinPointImpl.proceed(JoinPointImpl.java:149)at io.qameta.allure.aspects.StepsAspects.step(StepsAspects.java:51)at tests.LoginTest.checkSecureAreaPageTitle(LoginTest.java:97)at tests.LoginTest.loginTest(LoginTest.java:53)at sun.reflect.NativeMethodAccessorImpl.invoke0(Native Method)at sun.reflect.NativeMethodAccessorImpl.invoke(NativeMethodAccessorImpl.java:62)at sun.reflect.DelegatingMethodAccessorImpl.invoke(DelegatingMethodAccessorImpl.java:43)at java.lang.reflect.Method.invoke(Method.java:498)at org.testng.internal.MethodInvocationHelper.invokeMethod(MethodInvocationHelper.java:124)at org.testng.internal.Invoker.invokeMethod(Invoker.java:571)at org.testng.internal.Invoker.invokeTestMethod(Invoker.java:707)at org.testng.internal.Invoker.invokeTestMethods(Invoker.java:979)at org.testng.internal.TestMethodWorker.invokeTestMethods(TestMethodWorker.java:125)at org.testng.internal.TestMethodWorker.run(TestMethodWorker.java:109)at org.testng.TestRunner.privateRun(TestRunner.java:648)at org.testng.TestRunner.run(TestRunner.java:505)at org.testng.SuiteRunner.runTest(SuiteRunner.java:455)at org.testng.SuiteRunner.runSequentially(SuiteRunner.java:450)at org.testng.SuiteRunner.privateRun(SuiteRunner.java:415)at org.testng.SuiteRunner.run(SuiteRunner.java:364)at org.testng.SuiteRunnerWorker.runSuite(SuiteRunnerWorker.java:52)at org.testng.SuiteRunnerWorker.run(SuiteRunnerWorker.java:84)at org.testng.TestNG.runSuitesSequentially(TestNG.java:1187)at org.testng.TestNG.runSuitesLocally(TestNG.java:1116)at org.testng.TestNG.runSuites(TestNG.java:1028)at org.testng.TestNG.run(TestNG.java:996)at org.apache.maven.surefire.testng.TestNGExecutor.run(TestNGExecutor.java:283)at org.apache.maven.surefire.testng.TestNGXmlTestSuite.execute(TestNGXmlTestSuite.java:75)at org.apache.maven.surefire.testng.TestNGProvider.invoke(TestNGProvider.java:120)at org.apache.maven.surefire.booter.ForkedBooter.invokeProviderInSameClassLoader(ForkedBooter.java:386)at org.apache.maven.surefire.booter.ForkedBooter.runSuitesInProcess(ForkedBooter.java:323)at org.apache.maven.surefire.booter.ForkedBooter.main(ForkedBooter.java:143)]]>
            </full-stacktrace>
          </exception> <!-- java.lang.AssertionError -->
          <reporter-output>
            <line>
              <![CDATA[1. Open welcome Page<p/>]]>
            </line>
            <line>
              <![CDATA[2. Welcome page has Available Examples title<p/>]]>
            </line>
            <line>
              <![CDATA[3. Click on Form Authentication link<p/>]]>
            </line>
            <line>
              <![CDATA[4. Check title on Login page<p/>]]>
            </line>
            <line>
              <![CDATA[5. Enter valid username/password<p/>]]>
            </line>
            <line>
              <![CDATA[6. Check title on Secure Area page<p/>]]>
            </line>
            <line>
              <![CDATA[<b>Test Failed!</b> See screenshot<p/><img src='../screenshots/loginTest.png'>]]>
            </line>
          </reporter-output>
        </test-method> <!-- loginTest -->
        <test-method status="PASS" signature="closeBrowser()[pri:0, instance:tests.LoginTest@68ed96ca]" name="closeBrowser" is-config="true" duration-ms="85" started-at="2020-05-26T18:06:49Z" finished-at="2020-05-26T18:06:49Z">
          <reporter-output>
            <line>
              <![CDATA[8. Close browser<p/>]]>
            </line>
          </reporter-output>
        </test-method> <!-- closeBrowser -->
      </class> <!-- tests.LoginTest -->
    </test> <!-- Login with correct creds -->
    <test name="Login with wrong user" duration-ms="13574" started-at="2020-05-26T15:06:49Z" finished-at="2020-05-26T15:07:03Z">
      <class name="tests.LoginTest_wrongCreds">
        <test-method status="PASS" signature="beforeTest(java.lang.String, java.lang.String)[pri:0, instance:tests.LoginTest_wrongCreds@6f6a7463]" name="beforeTest" is-config="true" duration-ms="1475" started-at="2020-05-26T18:06:49Z" finished-at="2020-05-26T18:06:51Z">
          <params>
            <param index="0">
              <value>
                <![CDATA[Login with wrong user]]>
              </value>
            </param>
            <param index="1">
              <value>
                <![CDATA[chrome]]>
              </value>
            </param>
          </params>
          <reporter-output>
            <line>
              <![CDATA[0. Driver initialisation. Open browser<p/>]]>
            </line>
          </reporter-output>
        </test-method> <!-- beforeTest -->
        <test-method status="PASS" signature="loginWithWrongCreds(java.lang.String, java.lang.String, java.lang.String)[pri:0, instance:tests.LoginTest_wrongCreds@6f6a7463]" name="loginWithWrongCreds" duration-ms="12016" started-at="2020-05-26T18:06:51Z" finished-at="2020-05-26T18:07:03Z">
          <params>
            <param index="0">
              <value>
                <![CDATA[wrongUser]]>
              </value>
            </param>
            <param index="1">
              <value>
                <![CDATA[SuperSecretPassword!]]>
              </value>
            </param>
            <param index="2">
              <value>
                <![CDATA[Your username is invalid!]]>
              </value>
            </param>
          </params>
          <reporter-output>
            <line>
              <![CDATA[1. Open welcome Page<p/>]]>
            </line>
            <line>
              <![CDATA[2. Welcome page has Available Examples title<p/>]]>
            </line>
            <line>
              <![CDATA[3. Click on Form Authentication link<p/>]]>
            </line>
            <line>
              <![CDATA[4. Check title on Login page<p/>]]>
            </line>
            <line>
              <![CDATA[5. Enter invalid username/password<p/>]]>
            </line>
            <line>
              <![CDATA[6. Check 'Your username is invalid!' error message on Login Page]]>
            </line>
          </reporter-output>
        </test-method> <!-- loginWithWrongCreds -->
        <test-method status="PASS" signature="closeBrowser()[pri:0, instance:tests.LoginTest_wrongCreds@6f6a7463]" name="closeBrowser" is-config="true" duration-ms="79" started-at="2020-05-26T18:07:03Z" finished-at="2020-05-26T18:07:03Z">
          <reporter-output>
            <line>
              <![CDATA[7. Close browser<p/>]]>
            </line>
          </reporter-output>
        </test-method> <!-- closeBrowser -->
      </class> <!-- tests.LoginTest_wrongCreds -->
    </test> <!-- Login with wrong user -->
    <test name="Login with wrong password" duration-ms="9851" started-at="2020-05-26T15:07:03Z" finished-at="2020-05-26T15:07:13Z">
      <class name="tests.LoginTest_wrongCreds">
        <test-method status="PASS" signature="beforeTest(java.lang.String, java.lang.String)[pri:0, instance:tests.LoginTest_wrongCreds@7674a051]" name="beforeTest" is-config="true" duration-ms="1103" started-at="2020-05-26T18:07:03Z" finished-at="2020-05-26T18:07:04Z">
          <params>
            <param index="0">
              <value>
                <![CDATA[Login with wrong password]]>
              </value>
            </param>
            <param index="1">
              <value>
                <![CDATA[chrome]]>
              </value>
            </param>
          </params>
          <reporter-output>
            <line>
              <![CDATA[0. Driver initialisation. Open browser<p/>]]>
            </line>
          </reporter-output>
        </test-method> <!-- beforeTest -->
        <test-method status="PASS" signature="loginWithWrongCreds(java.lang.String, java.lang.String, java.lang.String)[pri:0, instance:tests.LoginTest_wrongCreds@7674a051]" name="loginWithWrongCreds" duration-ms="8663" started-at="2020-05-26T18:07:04Z" finished-at="2020-05-26T18:07:13Z">
          <params>
            <param index="0">
              <value>
                <![CDATA[tomsmith]]>
              </value>
            </param>
            <param index="1">
              <value>
                <![CDATA[wrongPassword]]>
              </value>
            </param>
            <param index="2">
              <value>
                <![CDATA[Your password is invalid!]]>
              </value>
            </param>
          </params>
          <reporter-output>
            <line>
              <![CDATA[1. Open welcome Page<p/>]]>
            </line>
            <line>
              <![CDATA[2. Welcome page has Available Examples title<p/>]]>
            </line>
            <line>
              <![CDATA[3. Click on Form Authentication link<p/>]]>
            </line>
            <line>
              <![CDATA[4. Check title on Login page<p/>]]>
            </line>
            <line>
              <![CDATA[5. Enter invalid username/password<p/>]]>
            </line>
            <line>
              <![CDATA[6. Check 'Your password is invalid!' error message on Login Page]]>
            </line>
          </reporter-output>
        </test-method> <!-- loginWithWrongCreds -->
        <test-method status="PASS" signature="closeBrowser()[pri:0, instance:tests.LoginTest_wrongCreds@7674a051]" name="closeBrowser" is-config="true" duration-ms="82" started-at="2020-05-26T18:07:13Z" finished-at="2020-05-26T18:07:13Z">
          <reporter-output>
            <line>
              <![CDATA[7. Close browser<p/>]]>
            </line>
          </reporter-output>
        </test-method> <!-- closeBrowser -->
      </class> <!-- tests.LoginTest_wrongCreds -->
    </test> <!-- Login with wrong password -->
  </suite> <!-- Suite -->
</testng-results>
