-------------------------------------------------------------------------------
Test set: TestSuite
-------------------------------------------------------------------------------
Tests run: 3, Failures: 1, Errors: 0, Skipped: 0, Time elapsed: 27.49 s <<< FAILURE! - in TestSuite
loginTest(tests.LoginTest)  Time elapsed: 5.322 s  <<< FAILURE!
java.lang.AssertionError: expected [Secure Area2] but found [Secure Area]
	at tests.LoginTest.checkSecureAreaPageTitle_aroundBody10(LoginTest.java:102)
	at tests.LoginTest.checkSecureAreaPageTitle(LoginTest.java:97)
	at tests.LoginTest.loginTest(LoginTest.java:53)

