<?xml version="1.0" encoding="UTF-8"?>
<testng-results skipped="0" failed="0" ignored="0" total="3" passed="3">
  <reporter-output>
  </reporter-output>
  <suite name="Suite" duration-ms="12489" started-at="2020-03-09T11:08:38Z" finished-at="2020-03-09T11:08:50Z">
    <groups>
    </groups>
    <test name="Login with correct creds" duration-ms="4951" started-at="2020-03-09T11:08:38Z" finished-at="2020-03-09T11:08:43Z">
      <class name="tests.LoginTest">
        <test-method status="PASS" signature="beforeTest()[pri:0, instance:tests.LoginTest@4501b7af]" name="beforeTest" is-config="true" duration-ms="1869" started-at="2020-03-09T13:08:38Z" finished-at="2020-03-09T13:08:40Z">
          <reporter-output>
          </reporter-output>
        </test-method> <!-- beforeTest -->
        <test-method status="PASS" signature="loginTest()[pri:0, instance:tests.LoginTest@4501b7af]" name="loginTest" duration-ms="2989" started-at="2020-03-09T13:08:40Z" finished-at="2020-03-09T13:08:43Z">
          <reporter-output>
          </reporter-output>
        </test-method> <!-- loginTest -->
        <test-method status="PASS" signature="closeBrowser()[pri:0, instance:tests.LoginTest@4501b7af]" name="closeBrowser" is-config="true" duration-ms="80" started-at="2020-03-09T13:08:43Z" finished-at="2020-03-09T13:08:43Z">
          <reporter-output>
          </reporter-output>
        </test-method> <!-- closeBrowser -->
      </class> <!-- tests.LoginTest -->
    </test> <!-- Login with correct creds -->
    <test name="Login with wrong user" duration-ms="3782" started-at="2020-03-09T11:08:43Z" finished-at="2020-03-09T11:08:47Z">
      <class name="tests.LoginTest_wrongCreds">
        <test-method status="PASS" signature="beforeTest(java.lang.String)[pri:0, instance:tests.LoginTest_wrongCreds@77cd7a0]" name="beforeTest" is-config="true" duration-ms="818" started-at="2020-03-09T13:08:43Z" finished-at="2020-03-09T13:08:44Z">
          <params>
            <param index="0">
              <value>
                <![CDATA[Login with wrong user]]>
              </value>
            </param>
          </params>
          <reporter-output>
          </reporter-output>
        </test-method> <!-- beforeTest -->
        <test-method status="PASS" signature="loginWithWrongCreds(java.lang.String, java.lang.String, java.lang.String)[pri:0, instance:tests.LoginTest_wrongCreds@77cd7a0]" name="loginWithWrongCreds" duration-ms="2885" started-at="2020-03-09T13:08:44Z" finished-at="2020-03-09T13:08:47Z">
          <params>
            <param index="0">
              <value>
                <![CDATA[wrongUser]]>
              </value>
            </param>
            <param index="1">
              <value>
                <![CDATA[SuperSecretPassword!]]>
              </value>
            </param>
            <param index="2">
              <value>
                <![CDATA[Your username is invalid!]]>
              </value>
            </param>
          </params>
          <reporter-output>
          </reporter-output>
        </test-method> <!-- loginWithWrongCreds -->
        <test-method status="PASS" signature="closeBrowser()[pri:0, instance:tests.LoginTest_wrongCreds@77cd7a0]" name="closeBrowser" is-config="true" duration-ms="78" started-at="2020-03-09T13:08:47Z" finished-at="2020-03-09T13:08:47Z">
          <reporter-output>
          </reporter-output>
        </test-method> <!-- closeBrowser -->
      </class> <!-- tests.LoginTest_wrongCreds -->
    </test> <!-- Login with wrong user -->
    <test name="Login with wrong password" duration-ms="3739" started-at="2020-03-09T11:08:47Z" finished-at="2020-03-09T11:08:50Z">
      <class name="tests.LoginTest_wrongCreds">
        <test-method status="PASS" signature="beforeTest(java.lang.String)[pri:0, instance:tests.LoginTest_wrongCreds@464bee09]" name="beforeTest" is-config="true" duration-ms="852" started-at="2020-03-09T13:08:47Z" finished-at="2020-03-09T13:08:48Z">
          <params>
            <param index="0">
              <value>
                <![CDATA[Login with wrong password]]>
              </value>
            </param>
          </params>
          <reporter-output>
          </reporter-output>
        </test-method> <!-- beforeTest -->
        <test-method status="PASS" signature="loginWithWrongCreds(java.lang.String, java.lang.String, java.lang.String)[pri:0, instance:tests.LoginTest_wrongCreds@464bee09]" name="loginWithWrongCreds" duration-ms="2806" started-at="2020-03-09T13:08:48Z" finished-at="2020-03-09T13:08:50Z">
          <params>
            <param index="0">
              <value>
                <![CDATA[tomsmith]]>
              </value>
            </param>
            <param index="1">
              <value>
                <![CDATA[wrongPassword]]>
              </value>
            </param>
            <param index="2">
              <value>
                <![CDATA[Your password is invalid!]]>
              </value>
            </param>
          </params>
          <reporter-output>
          </reporter-output>
        </test-method> <!-- loginWithWrongCreds -->
        <test-method status="PASS" signature="closeBrowser()[pri:0, instance:tests.LoginTest_wrongCreds@464bee09]" name="closeBrowser" is-config="true" duration-ms="80" started-at="2020-03-09T13:08:50Z" finished-at="2020-03-09T13:08:50Z">
          <reporter-output>
          </reporter-output>
        </test-method> <!-- closeBrowser -->
      </class> <!-- tests.LoginTest_wrongCreds -->
    </test> <!-- Login with wrong password -->
  </suite> <!-- Suite -->
</testng-results>
