<?xml version="1.0" encoding="UTF-8"?>
<testng-results skipped="0" failed="0" ignored="0" total="3" passed="3">
  <reporter-output>
  </reporter-output>
  <suite name="Suite" duration-ms="23892" started-at="2020-03-09T09:38:16Z" finished-at="2020-03-09T09:38:40Z">
    <groups>
    </groups>
    <test name="Login with correct creds" duration-ms="5886" started-at="2020-03-09T09:38:16Z" finished-at="2020-03-09T09:38:22Z">
      <class name="tests.LoginTest">
        <test-method status="PASS" signature="beforeTest()[pri:0, instance:tests.LoginTest@4501b7af]" name="beforeTest" is-config="true" duration-ms="1704" started-at="2020-03-09T11:38:16Z" finished-at="2020-03-09T11:38:18Z">
          <reporter-output>
          </reporter-output>
        </test-method> <!-- beforeTest -->
        <test-method status="PASS" signature="loginTest()[pri:0, instance:tests.LoginTest@4501b7af]" name="loginTest" duration-ms="4084" started-at="2020-03-09T11:38:18Z" finished-at="2020-03-09T11:38:22Z">
          <reporter-output>
          </reporter-output>
        </test-method> <!-- loginTest -->
        <test-method status="PASS" signature="closeBrowser()[pri:0, instance:tests.LoginTest@4501b7af]" name="closeBrowser" is-config="true" duration-ms="80" started-at="2020-03-09T11:38:22Z" finished-at="2020-03-09T11:38:22Z">
          <reporter-output>
          </reporter-output>
        </test-method> <!-- closeBrowser -->
      </class> <!-- tests.LoginTest -->
    </test> <!-- Login with correct creds -->
    <test name="Login with wrong user" duration-ms="5181" started-at="2020-03-09T09:38:22Z" finished-at="2020-03-09T09:38:27Z">
      <class name="tests.LoginTest_wrongCreds">
        <test-method status="PASS" signature="beforeTest()[pri:0, instance:tests.LoginTest_wrongCreds@77cd7a0]" name="beforeTest" is-config="true" duration-ms="802" started-at="2020-03-09T11:38:22Z" finished-at="2020-03-09T11:38:23Z">
          <reporter-output>
          </reporter-output>
        </test-method> <!-- beforeTest -->
        <test-method status="PASS" signature="loginWithWrongCreds(java.lang.String, java.lang.String, java.lang.String)[pri:0, instance:tests.LoginTest_wrongCreds@77cd7a0]" name="loginWithWrongCreds" duration-ms="4299" started-at="2020-03-09T11:38:23Z" finished-at="2020-03-09T11:38:27Z">
          <params>
            <param index="0">
              <value>
                <![CDATA[wrongUser]]>
              </value>
            </param>
            <param index="1">
              <value>
                <![CDATA[SuperSecretPassword!]]>
              </value>
            </param>
            <param index="2">
              <value>
                <![CDATA[Your username is invalid!]]>
              </value>
            </param>
          </params>
          <reporter-output>
          </reporter-output>
        </test-method> <!-- loginWithWrongCreds -->
        <test-method status="PASS" signature="closeBrowser()[pri:0, instance:tests.LoginTest_wrongCreds@77cd7a0]" name="closeBrowser" is-config="true" duration-ms="77" started-at="2020-03-09T11:38:27Z" finished-at="2020-03-09T11:38:27Z">
          <reporter-output>
          </reporter-output>
        </test-method> <!-- closeBrowser -->
      </class> <!-- tests.LoginTest_wrongCreds -->
    </test> <!-- Login with wrong user -->
    <test name="Login with wrong password" duration-ms="12808" started-at="2020-03-09T09:38:27Z" finished-at="2020-03-09T09:38:40Z">
      <class name="tests.LoginTest_wrongCreds">
        <test-method status="PASS" signature="beforeTest()[pri:0, instance:tests.LoginTest_wrongCreds@464bee09]" name="beforeTest" is-config="true" duration-ms="801" started-at="2020-03-09T11:38:27Z" finished-at="2020-03-09T11:38:28Z">
          <reporter-output>
          </reporter-output>
        </test-method> <!-- beforeTest -->
        <test-method status="PASS" signature="loginWithWrongCreds(java.lang.String, java.lang.String, java.lang.String)[pri:0, instance:tests.LoginTest_wrongCreds@464bee09]" name="loginWithWrongCreds" duration-ms="11937" started-at="2020-03-09T11:38:28Z" finished-at="2020-03-09T11:38:40Z">
          <params>
            <param index="0">
              <value>
                <![CDATA[tomsmith]]>
              </value>
            </param>
            <param index="1">
              <value>
                <![CDATA[wrongPassword]]>
              </value>
            </param>
            <param index="2">
              <value>
                <![CDATA[Your password is invalid!]]>
              </value>
            </param>
          </params>
          <reporter-output>
          </reporter-output>
        </test-method> <!-- loginWithWrongCreds -->
        <test-method status="PASS" signature="closeBrowser()[pri:0, instance:tests.LoginTest_wrongCreds@464bee09]" name="closeBrowser" is-config="true" duration-ms="67" started-at="2020-03-09T11:38:40Z" finished-at="2020-03-09T11:38:40Z">
          <reporter-output>
          </reporter-output>
        </test-method> <!-- closeBrowser -->
      </class> <!-- tests.LoginTest_wrongCreds -->
    </test> <!-- Login with wrong password -->
  </suite> <!-- Suite -->
</testng-results>
